# JRE version: OpenJDK Runtime Environment (17.0.10) (build 17.0.10+0--11572160)
# Java VM: OpenJDK 64-Bit Server VM (17.0.10+0--11572160, mixed mode, tiered, compressed oops, compressed class ptrs, g1 gc, windows-amd64)
GC Precious Log:
 CPUs: 16 total, 16 available
 Memory: 15776M
 Large Page Support: Disabled
 NUMA Support: Disabled
 Compressed Oops: Enabled (32-bit)
 Heap Region Size: 1M
 Heap Min Capacity: 8M
 Heap Initial Capacity: 248M
 Heap Max Capacity: 2G
 Pre-touch: Disabled
 Parallel Workers: 13
 Concurrent Workers: 3
 Concurrent Refinement Workers: 13
 Periodic GC: Disabled
Heap:
 garbage-first heap   total 382976K, used 299802K [0x0000000080000000, 0x0000000100000000)
  region size 1024K, 138 young (141312K), 17 survivors (17408K)
 Metaspace       used 145023K, committed 146048K, reserved 1179648K
  class space    used 18409K, committed 18880K, reserved 1048576K
GC Heap History (20 events):
Event: 196.188 GC heap before
{Heap before GC invocations=93 (full 0):
 garbage-first heap   total 382976K, used 323628K [0x0000000080000000, 0x0000000100000000)
  region size 1024K, 183 young (187392K), 11 survivors (11264K)
 Metaspace       used 130304K, committed 131200K, reserved 1179648K
  class space    used 16955K, committed 17344K, reserved 1048576K
}
Event: 196.194 GC heap after
{Heap after GC invocations=94 (full 0):
 garbage-first heap   total 382976K, used 153120K [0x0000000080000000, 0x0000000100000000)
  region size 1024K, 16 young (16384K), 16 survivors (16384K)
 Metaspace       used 130304K, committed 131200K, reserved 1179648K
  class space    used 16955K, committed 17344K, reserved 1048576K
}
Event: 196.745 GC heap before
{Heap before GC invocations=94 (full 0):
 garbage-first heap   total 382976K, used 320032K [0x0000000080000000, 0x0000000100000000)
  region size 1024K, 179 young (183296K), 16 survivors (16384K)
 Metaspace       used 132277K, committed 133120K, reserved 1179648K
  class space    used 17166K, committed 17536K, reserved 1048576K
}
Event: 196.749 GC heap after
{Heap after GC invocations=95 (full 0):
 garbage-first heap   total 382976K, used 149469K [0x0000000080000000, 0x0000000100000000)
  region size 1024K, 8 young (8192K), 8 survivors (8192K)
 Metaspace       used 132277K, committed 133120K, reserved 1179648K
  class space    used 17166K, committed 17536K, reserved 1048576K
}
Event: 207.321 GC heap before
{Heap before GC invocations=95 (full 0):
 garbage-first heap   total 382976K, used 323549K [0x0000000080000000, 0x0000000100000000)
  region size 1024K, 179 young (183296K), 8 survivors (8192K)
 Metaspace       used 133516K, committed 134400K, reserved 1179648K
  class space    used 17273K, committed 17664K, reserved 1048576K
}
Event: 207.326 GC heap after
{Heap after GC invocations=96 (full 0):
 garbage-first heap   total 382976K, used 156545K [0x0000000080000000, 0x0000000100000000)
  region size 1024K, 15 young (15360K), 15 survivors (15360K)
 Metaspace       used 133516K, committed 134400K, reserved 1179648K
  class space    used 17273K, committed 17664K, reserved 1048576K
}
Event: 209.471 GC heap before
{Heap before GC invocations=96 (full 0):
 garbage-first heap   total 382976K, used 321409K [0x0000000080000000, 0x0000000100000000)
  region size 1024K, 177 young (181248K), 15 survivors (15360K)
 Metaspace       used 133839K, committed 134656K, reserved 1179648K
  class space    used 17278K, committed 17664K, reserved 1048576K
}
Event: 209.476 GC heap after
{Heap after GC invocations=97 (full 0):
 garbage-first heap   total 382976K, used 158953K [0x0000000080000000, 0x0000000100000000)
  region size 1024K, 12 young (12288K), 12 survivors (12288K)
 Metaspace       used 133839K, committed 134656K, reserved 1179648K
  class space    used 17278K, committed 17664K, reserved 1048576K
}
Event: 211.927 GC heap before
{Heap before GC invocations=97 (full 0):
 garbage-first heap   total 382976K, used 324841K [0x0000000080000000, 0x0000000100000000)
  region size 1024K, 175 young (179200K), 12 survivors (12288K)
 Metaspace       used 133873K, committed 134720K, reserved 1179648K
  class space    used 17278K, committed 17664K, reserved 1048576K
}
Event: 211.930 GC heap after
{Heap after GC invocations=98 (full 0):
 garbage-first heap   total 382976K, used 159211K [0x0000000080000000, 0x0000000100000000)
  region size 1024K, 12 young (12288K), 12 survivors (12288K)
 Metaspace       used 133873K, committed 134720K, reserved 1179648K
  class space    used 17278K, committed 17664K, reserved 1048576K
}
Event: 215.904 GC heap before
{Heap before GC invocations=98 (full 0):
 garbage-first heap   total 382976K, used 328171K [0x0000000080000000, 0x0000000100000000)
  region size 1024K, 178 young (182272K), 12 survivors (12288K)
 Metaspace       used 134265K, committed 135168K, reserved 1179648K
  class space    used 17316K, committed 17728K, reserved 1048576K
}
Event: 215.907 GC heap after
{Heap after GC invocations=99 (full 0):
 garbage-first heap   total 382976K, used 162114K [0x0000000080000000, 0x0000000100000000)
  region size 1024K, 15 young (15360K), 15 survivors (15360K)
 Metaspace       used 134265K, committed 135168K, reserved 1179648K
  class space    used 17316K, committed 17728K, reserved 1048576K
}
Event: 225.926 GC heap before
{Heap before GC invocations=99 (full 0):
 garbage-first heap   total 382976K, used 326978K [0x0000000080000000, 0x0000000100000000)
  region size 1024K, 177 young (181248K), 15 survivors (15360K)
 Metaspace       used 137056K, committed 137984K, reserved 1179648K
  class space    used 17629K, committed 18048K, reserved 1048576K
}
Event: 225.933 GC heap after
{Heap after GC invocations=100 (full 0):
 garbage-first heap   total 382976K, used 170829K [0x0000000080000000, 0x0000000100000000)
  region size 1024K, 16 young (16384K), 16 survivors (16384K)
 Metaspace       used 137056K, committed 137984K, reserved 1179648K
  class space    used 17629K, committed 18048K, reserved 1048576K
}
Event: 226.020 GC heap before
{Heap before GC invocations=100 (full 0):
 garbage-first heap   total 382976K, used 324429K [0x0000000080000000, 0x0000000100000000)
  region size 1024K, 167 young (171008K), 16 survivors (16384K)
 Metaspace       used 137142K, committed 138112K, reserved 1179648K
  class space    used 17631K, committed 18112K, reserved 1048576K
}
Event: 226.025 GC heap after
{Heap after GC invocations=101 (full 0):
 garbage-first heap   total 382976K, used 171815K [0x0000000080000000, 0x0000000100000000)
  region size 1024K, 11 young (11264K), 11 survivors (11264K)
 Metaspace       used 137142K, committed 138112K, reserved 1179648K
  class space    used 17631K, committed 18112K, reserved 1048576K
}
Event: 226.246 GC heap before
{Heap before GC invocations=101 (full 0):
 garbage-first heap   total 382976K, used 327463K [0x0000000080000000, 0x0000000100000000)
  region size 1024K, 164 young (167936K), 11 survivors (11264K)
 Metaspace       used 137256K, committed 138176K, reserved 1179648K
  class space    used 17646K, committed 18112K, reserved 1048576K
}
Event: 226.251 GC heap after
{Heap after GC invocations=102 (full 0):
 garbage-first heap   total 382976K, used 171655K [0x0000000080000000, 0x0000000100000000)
  region size 1024K, 11 young (11264K), 11 survivors (11264K)
 Metaspace       used 137256K, committed 138176K, reserved 1179648K
  class space    used 17646K, committed 18112K, reserved 1048576K
}
Event: 265.033 GC heap before
{Heap before GC invocations=102 (full 0):
 garbage-first heap   total 382976K, used 329351K [0x0000000080000000, 0x0000000100000000)
  region size 1024K, 166 young (169984K), 11 survivors (11264K)
 Metaspace       used 139963K, committed 140928K, reserved 1179648K
  class space    used 17935K, committed 18368K, reserved 1048576K
}
Event: 265.039 GC heap after
{Heap after GC invocations=103 (full 0):
 garbage-first heap   total 382976K, used 177946K [0x0000000080000000, 0x0000000100000000)
  region size 1024K, 17 young (17408K), 17 survivors (17408K)
 Metaspace       used 139963K, committed 140928K, reserved 1179648K
  class space    used 17935K, committed 18368K, reserved 1048576K
}

