# JRE version: OpenJDK Runtime Environment (17.0.10) (build 17.0.10+0--11572160)
# Java VM: OpenJDK 64-Bit Server VM (17.0.10+0--11572160, mixed mode, tiered, compressed oops, compressed class ptrs, g1 gc, windows-amd64)
GC Precious Log:
 CPUs: 16 total, 16 available
 Memory: 15776M
 Large Page Support: Disabled
 NUMA Support: Disabled
 Compressed Oops: Enabled (32-bit)
 Heap Region Size: 1M
 Heap Min Capacity: 8M
 Heap Initial Capacity: 248M
 Heap Max Capacity: 2G
 Pre-touch: Disabled
 Parallel Workers: 13
 Concurrent Workers: 3
 Concurrent Refinement Workers: 13
 Periodic GC: Disabled
Heap:
 garbage-first heap   total 279552K, used 175697K [0x0000000080000000, 0x0000000100000000)
  region size 1024K, 5 young (5120K), 5 survivors (5120K)
 Metaspace       used 128565K, committed 129408K, reserved 1179648K
  class space    used 18016K, committed 18432K, reserved 1048576K
GC Heap History (20 events):
Event: 13.060 GC heap after
{Heap after GC invocations=59 (full 0):
 garbage-first heap   total 279552K, used 109336K [0x0000000080000000, 0x0000000100000000)
  region size 1024K, 11 young (11264K), 11 survivors (11264K)
 Metaspace       used 110462K, committed 111232K, reserved 1179648K
  class space    used 14780K, committed 15168K, reserved 1048576K
}
Event: 13.304 GC heap before
{Heap before GC invocations=59 (full 0):
 garbage-first heap   total 279552K, used 229144K [0x0000000080000000, 0x0000000100000000)
  region size 1024K, 129 young (132096K), 11 survivors (11264K)
 Metaspace       used 111154K, committed 111936K, reserved 1179648K
  class space    used 14862K, committed 15232K, reserved 1048576K
}
Event: 13.308 GC heap after
{Heap after GC invocations=60 (full 0):
 garbage-first heap   total 279552K, used 111837K [0x0000000080000000, 0x0000000100000000)
  region size 1024K, 7 young (7168K), 7 survivors (7168K)
 Metaspace       used 111154K, committed 111936K, reserved 1179648K
  class space    used 14862K, committed 15232K, reserved 1048576K
}
Event: 13.504 GC heap before
{Heap before GC invocations=60 (full 0):
 garbage-first heap   total 279552K, used 232669K [0x0000000080000000, 0x0000000100000000)
  region size 1024K, 126 young (129024K), 7 survivors (7168K)
 Metaspace       used 111190K, committed 111936K, reserved 1179648K
  class space    used 14865K, committed 15232K, reserved 1048576K
}
Event: 13.507 GC heap after
{Heap after GC invocations=61 (full 0):
 garbage-first heap   total 279552K, used 112557K [0x0000000080000000, 0x0000000100000000)
  region size 1024K, 8 young (8192K), 8 survivors (8192K)
 Metaspace       used 111190K, committed 111936K, reserved 1179648K
  class space    used 14865K, committed 15232K, reserved 1048576K
}
Event: 13.635 GC heap before
{Heap before GC invocations=61 (full 0):
 garbage-first heap   total 279552K, used 235437K [0x0000000080000000, 0x0000000100000000)
  region size 1024K, 129 young (132096K), 8 survivors (8192K)
 Metaspace       used 111202K, committed 111936K, reserved 1179648K
  class space    used 14865K, committed 15232K, reserved 1048576K
}
Event: 13.638 GC heap after
{Heap after GC invocations=62 (full 0):
 garbage-first heap   total 279552K, used 112982K [0x0000000080000000, 0x0000000100000000)
  region size 1024K, 8 young (8192K), 8 survivors (8192K)
 Metaspace       used 111202K, committed 111936K, reserved 1179648K
  class space    used 14865K, committed 15232K, reserved 1048576K
}
Event: 13.819 GC heap before
{Heap before GC invocations=62 (full 0):
 garbage-first heap   total 279552K, used 237910K [0x0000000080000000, 0x0000000100000000)
  region size 1024K, 131 young (134144K), 8 survivors (8192K)
 Metaspace       used 111210K, committed 111936K, reserved 1179648K
  class space    used 14865K, committed 15232K, reserved 1048576K
}
Event: 13.823 GC heap after
{Heap after GC invocations=63 (full 0):
 garbage-first heap   total 279552K, used 112781K [0x0000000080000000, 0x0000000100000000)
  region size 1024K, 8 young (8192K), 8 survivors (8192K)
 Metaspace       used 111210K, committed 111936K, reserved 1179648K
  class space    used 14865K, committed 15232K, reserved 1048576K
}
Event: 14.073 GC heap before
{Heap before GC invocations=63 (full 0):
 garbage-first heap   total 279552K, used 239757K [0x0000000080000000, 0x0000000100000000)
  region size 1024K, 133 young (136192K), 8 survivors (8192K)
 Metaspace       used 111219K, committed 111936K, reserved 1179648K
  class space    used 14865K, committed 15232K, reserved 1048576K
}
Event: 14.077 GC heap after
{Heap after GC invocations=64 (full 0):
 garbage-first heap   total 279552K, used 113150K [0x0000000080000000, 0x0000000100000000)
  region size 1024K, 8 young (8192K), 8 survivors (8192K)
 Metaspace       used 111219K, committed 111936K, reserved 1179648K
  class space    used 14865K, committed 15232K, reserved 1048576K
}
Event: 14.675 GC heap before
{Heap before GC invocations=64 (full 0):
 garbage-first heap   total 279552K, used 241150K [0x0000000080000000, 0x0000000100000000)
  region size 1024K, 134 young (137216K), 8 survivors (8192K)
 Metaspace       used 117223K, committed 117952K, reserved 1179648K
  class space    used 15840K, committed 16192K, reserved 1048576K
}
Event: 14.684 GC heap after
{Heap after GC invocations=65 (full 0):
 garbage-first heap   total 279552K, used 131093K [0x0000000080000000, 0x0000000100000000)
  region size 1024K, 17 young (17408K), 17 survivors (17408K)
 Metaspace       used 117223K, committed 117952K, reserved 1179648K
  class space    used 15840K, committed 16192K, reserved 1048576K
}
Event: 14.902 GC heap before
{Heap before GC invocations=65 (full 0):
 garbage-first heap   total 279552K, used 228373K [0x0000000080000000, 0x0000000100000000)
  region size 1024K, 113 young (115712K), 17 survivors (17408K)
 Metaspace       used 121506K, committed 122304K, reserved 1179648K
  class space    used 16694K, committed 17088K, reserved 1048576K
}
Event: 14.915 GC heap after
{Heap after GC invocations=66 (full 0):
 garbage-first heap   total 279552K, used 147303K [0x0000000080000000, 0x0000000100000000)
  region size 1024K, 15 young (15360K), 15 survivors (15360K)
 Metaspace       used 121506K, committed 122304K, reserved 1179648K
  class space    used 16694K, committed 17088K, reserved 1048576K
}
Event: 15.091 GC heap before
{Heap before GC invocations=66 (full 0):
 garbage-first heap   total 279552K, used 227175K [0x0000000080000000, 0x0000000100000000)
  region size 1024K, 93 young (95232K), 15 survivors (15360K)
 Metaspace       used 123942K, committed 124672K, reserved 1179648K
  class space    used 17159K, committed 17536K, reserved 1048576K
}
Event: 15.102 GC heap after
{Heap after GC invocations=67 (full 0):
 garbage-first heap   total 279552K, used 160723K [0x0000000080000000, 0x0000000100000000)
  region size 1024K, 12 young (12288K), 12 survivors (12288K)
 Metaspace       used 123942K, committed 124672K, reserved 1179648K
  class space    used 17159K, committed 17536K, reserved 1048576K
}
Event: 15.243 GC heap before
{Heap before GC invocations=67 (full 0):
 garbage-first heap   total 279552K, used 227283K [0x0000000080000000, 0x0000000100000000)
  region size 1024K, 78 young (79872K), 12 survivors (12288K)
 Metaspace       used 126473K, committed 127296K, reserved 1179648K
  class space    used 17656K, committed 18048K, reserved 1048576K
}
Event: 15.253 GC heap after
{Heap after GC invocations=68 (full 0):
 garbage-first heap   total 279552K, used 170579K [0x0000000080000000, 0x0000000100000000)
  region size 1024K, 10 young (10240K), 10 survivors (10240K)
 Metaspace       used 126473K, committed 127296K, reserved 1179648K
  class space    used 17656K, committed 18048K, reserved 1048576K
}
Event: 15.397 GC heap before
{Heap before GC invocations=68 (full 0):
 garbage-first heap   total 279552K, used 229971K [0x0000000080000000, 0x0000000100000000)
  region size 1024K, 68 young (69632K), 10 survivors (10240K)
 Metaspace       used 128565K, committed 129408K, reserved 1179648K
  class space    used 18016K, committed 18432K, reserved 1048576K
}

